0 info it worked if it ends with ok
1 verbose cli [ '/usr/local/bin/node',
1 verbose cli   '/usr/local/bin/npm',
1 verbose cli   'run',
1 verbose cli   'test',
1 verbose cli   '--base_url=http://www2.dev.easysend.pl' ]
2 info using npm@2.15.9
3 info using node@v4.5.0
4 verbose run-script [ 'pretest', 'test', 'posttest' ]
5 info pretest easysend-test@0.0.0
6 info test easysend-test@0.0.0
7 verbose unsafe-perm in lifecycle true
8 info easysend-test@0.0.0 Failed to exec test script
9 verbose stack Error: easysend-test@0.0.0 test: `npm run gulp protractor`
9 verbose stack Exit status 1
9 verbose stack     at EventEmitter.<anonymous> (/usr/local/lib/node_modules/npm/lib/utils/lifecycle.js:217:16)
9 verbose stack     at emitTwo (events.js:87:13)
9 verbose stack     at EventEmitter.emit (events.js:172:7)
9 verbose stack     at ChildProcess.<anonymous> (/usr/local/lib/node_modules/npm/lib/utils/spawn.js:24:14)
9 verbose stack     at emitTwo (events.js:87:13)
9 verbose stack     at ChildProcess.emit (events.js:172:7)
9 verbose stack     at maybeClose (internal/child_process.js:829:16)
9 verbose stack     at Process.ChildProcess._handle.onexit (internal/child_process.js:211:5)
10 verbose pkgid easysend-test@0.0.0
11 verbose cwd /var/www/easysend-test
12 error Linux 4.4.0-38-generic
13 error argv "/usr/local/bin/node" "/usr/local/bin/npm" "run" "test" "--base_url=http://www2.dev.easysend.pl"
14 error node v4.5.0
15 error npm  v2.15.9
16 error code ELIFECYCLE
17 error easysend-test@0.0.0 test: `npm run gulp protractor`
17 error Exit status 1
18 error Failed at the easysend-test@0.0.0 test script 'npm run gulp protractor'.
18 error This is most likely a problem with the easysend-test package,
18 error not with npm itself.
18 error Tell the author that this fails on your system:
18 error     npm run gulp protractor
18 error You can get information on how to open an issue for this project with:
18 error     npm bugs easysend-test
18 error Or if that isn't available, you can get their info via:
18 error
18 error     npm owner ls easysend-test
18 error There is likely additional logging output above.
19 verbose exit [ 1, true ]
